# JRE version: Java(TM) SE Runtime Environment (21.0.7+8) (build 21.0.7+8-LTS-245)
# Java VM: Java HotSpot(TM) 64-Bit Server VM (21.0.7+8-LTS-245, mixed mode, emulated-client, sharing, tiered, compressed oops, compressed class ptrs, g1 gc, windows-amd64)
GC Precious Log:
 CardTable entry size: 512
 Card Set container configuration: InlinePtr #cards 5 size 8 Array Of Cards #cards 12 size 40 Howl #buckets 4 coarsen threshold 1843 Howl Bitmap #cards 512 size 80 coarsen threshold 460 Card regions per heap region 1 cards per card region 2048
 CPUs: 4 total, 4 available
 Memory: 4004M
 Large Page Support: Disabled
 NUMA Support: Disabled
 Compressed Oops: Enabled (32-bit)
 Heap Region Size: 1M
 Heap Min Capacity: 8M
 Heap Initial Capacity: 64M
 Heap Max Capacity: 1002M
 Pre-touch: Disabled
 Parallel Workers: 4
 Concurrent Workers: 1
 Concurrent Refinement Workers: 4
 Periodic GC: Disabled
Heap:
 garbage-first heap   total 67584K, used 45229K [0x00000000c1600000, 0x0000000100000000)
  region size 1024K, 15 young (15360K), 3 survivors (3072K)
 Metaspace       used 81523K, committed 82624K, reserved 1179648K
  class space    used 11160K, committed 11648K, reserved 1048576K
GC Heap History (20 events):
Event: 3440.218 GC heap after
{Heap after GC invocations=97 (full 18):
 garbage-first heap   total 67584K, used 33446K [0x00000000c1600000, 0x0000000100000000)
  region size 1024K, 3 young (3072K), 3 survivors (3072K)
 Metaspace       used 80510K, committed 81536K, reserved 1179648K
  class space    used 11065K, committed 11520K, reserved 1048576K
}
Event: 3499.574 GC heap before
{Heap before GC invocations=97 (full 18):
 garbage-first heap   total 67584K, used 41638K [0x00000000c1600000, 0x0000000100000000)
  region size 1024K, 12 young (12288K), 3 survivors (3072K)
 Metaspace       used 80541K, committed 81536K, reserved 1179648K
  class space    used 11067K, committed 11520K, reserved 1048576K
}
Event: 3499.631 GC heap after
{Heap after GC invocations=98 (full 19):
 garbage-first heap   total 67584K, used 28203K [0x00000000c1600000, 0x0000000100000000)
  region size 1024K, 0 young (0K), 0 survivors (0K)
 Metaspace       used 80534K, committed 81536K, reserved 1179648K
  class space    used 11066K, committed 11520K, reserved 1048576K
}
Event: 3500.012 GC heap before
{Heap before GC invocations=98 (full 19):
 garbage-first heap   total 67584K, used 56875K [0x00000000c1600000, 0x0000000100000000)
  region size 1024K, 29 young (29696K), 0 survivors (0K)
 Metaspace       used 80603K, committed 81600K, reserved 1179648K
  class space    used 11075K, committed 11520K, reserved 1048576K
}
Event: 3500.014 GC heap after
{Heap after GC invocations=99 (full 19):
 garbage-first heap   total 67584K, used 31103K [0x00000000c1600000, 0x0000000100000000)
  region size 1024K, 3 young (3072K), 3 survivors (3072K)
 Metaspace       used 80603K, committed 81600K, reserved 1179648K
  class space    used 11075K, committed 11520K, reserved 1048576K
}
Event: 3500.408 GC heap before
{Heap before GC invocations=100 (full 19):
 garbage-first heap   total 67584K, used 57727K [0x00000000c1600000, 0x0000000100000000)
  region size 1024K, 30 young (30720K), 3 survivors (3072K)
 Metaspace       used 80830K, committed 81792K, reserved 1179648K
  class space    used 11095K, committed 11520K, reserved 1048576K
}
Event: 3500.413 GC heap after
{Heap after GC invocations=101 (full 19):
 garbage-first heap   total 67584K, used 33875K [0x00000000c1600000, 0x0000000100000000)
  region size 1024K, 3 young (3072K), 3 survivors (3072K)
 Metaspace       used 80830K, committed 81792K, reserved 1179648K
  class space    used 11095K, committed 11520K, reserved 1048576K
}
Event: 3680.613 GC heap before
{Heap before GC invocations=101 (full 19):
 garbage-first heap   total 67584K, used 47187K [0x00000000c1600000, 0x0000000100000000)
  region size 1024K, 17 young (17408K), 3 survivors (3072K)
 Metaspace       used 80878K, committed 81856K, reserved 1179648K
  class space    used 11100K, committed 11520K, reserved 1048576K
}
Event: 3680.666 GC heap after
{Heap after GC invocations=102 (full 20):
 garbage-first heap   total 67584K, used 28085K [0x00000000c1600000, 0x0000000100000000)
  region size 1024K, 0 young (0K), 0 survivors (0K)
 Metaspace       used 80875K, committed 81856K, reserved 1179648K
  class space    used 11100K, committed 11520K, reserved 1048576K
}
Event: 3681.036 GC heap before
{Heap before GC invocations=102 (full 20):
 garbage-first heap   total 67584K, used 56757K [0x00000000c1600000, 0x0000000100000000)
  region size 1024K, 29 young (29696K), 0 survivors (0K)
 Metaspace       used 80942K, committed 81984K, reserved 1179648K
  class space    used 11108K, committed 11584K, reserved 1048576K
}
Event: 3681.039 GC heap after
{Heap after GC invocations=103 (full 20):
 garbage-first heap   total 67584K, used 31100K [0x00000000c1600000, 0x0000000100000000)
  region size 1024K, 3 young (3072K), 3 survivors (3072K)
 Metaspace       used 80942K, committed 81984K, reserved 1179648K
  class space    used 11108K, committed 11584K, reserved 1048576K
}
Event: 3681.443 GC heap before
{Heap before GC invocations=104 (full 20):
 garbage-first heap   total 67584K, used 57724K [0x00000000c1600000, 0x0000000100000000)
  region size 1024K, 30 young (30720K), 3 survivors (3072K)
 Metaspace       used 81147K, committed 82176K, reserved 1179648K
  class space    used 11124K, committed 11584K, reserved 1048576K
}
Event: 3681.448 GC heap after
{Heap after GC invocations=105 (full 20):
 garbage-first heap   total 67584K, used 33682K [0x00000000c1600000, 0x0000000100000000)
  region size 1024K, 3 young (3072K), 3 survivors (3072K)
 Metaspace       used 81147K, committed 82176K, reserved 1179648K
  class space    used 11124K, committed 11584K, reserved 1048576K
}
Event: 3841.923 GC heap before
{Heap before GC invocations=105 (full 20):
 garbage-first heap   total 67584K, used 45970K [0x00000000c1600000, 0x0000000100000000)
  region size 1024K, 16 young (16384K), 3 survivors (3072K)
 Metaspace       used 81185K, committed 82240K, reserved 1179648K
  class space    used 11128K, committed 11584K, reserved 1048576K
}
Event: 3842.008 GC heap after
{Heap after GC invocations=106 (full 21):
 garbage-first heap   total 67584K, used 28218K [0x00000000c1600000, 0x0000000100000000)
  region size 1024K, 0 young (0K), 0 survivors (0K)
 Metaspace       used 81179K, committed 82240K, reserved 1179648K
  class space    used 11126K, committed 11584K, reserved 1048576K
}
Event: 3842.439 GC heap before
{Heap before GC invocations=106 (full 21):
 garbage-first heap   total 67584K, used 57914K [0x00000000c1600000, 0x0000000100000000)
  region size 1024K, 30 young (30720K), 0 survivors (0K)
 Metaspace       used 81247K, committed 82304K, reserved 1179648K
  class space    used 11135K, committed 11584K, reserved 1048576K
}
Event: 3842.443 GC heap after
{Heap after GC invocations=107 (full 21):
 garbage-first heap   total 67584K, used 31232K [0x00000000c1600000, 0x0000000100000000)
  region size 1024K, 3 young (3072K), 3 survivors (3072K)
 Metaspace       used 81247K, committed 82304K, reserved 1179648K
  class space    used 11135K, committed 11584K, reserved 1048576K
}
Event: 3842.871 GC heap before
{Heap before GC invocations=108 (full 21):
 garbage-first heap   total 67584K, used 57856K [0x00000000c1600000, 0x0000000100000000)
  region size 1024K, 30 young (30720K), 3 survivors (3072K)
 Metaspace       used 81476K, committed 82560K, reserved 1179648K
  class space    used 11155K, committed 11648K, reserved 1048576K
}
Event: 3842.877 GC heap after
{Heap after GC invocations=109 (full 21):
 garbage-first heap   total 67584K, used 33965K [0x00000000c1600000, 0x0000000100000000)
  region size 1024K, 3 young (3072K), 3 survivors (3072K)
 Metaspace       used 81476K, committed 82560K, reserved 1179648K
  class space    used 11155K, committed 11648K, reserved 1048576K
}
Event: 3993.059 GC heap before
{Heap before GC invocations=109 (full 21):
 garbage-first heap   total 67584K, used 45229K [0x00000000c1600000, 0x0000000100000000)
  region size 1024K, 15 young (15360K), 3 survivors (3072K)
 Metaspace       used 81523K, committed 82624K, reserved 1179648K
  class space    used 11160K, committed 11648K, reserved 1048576K
}

